<?xml version="1.0" encoding="UTF-8"?>
<testng-results ignored="0" total="1" passed="1" failed="0" skipped="0">
  <reporter-output>
  </reporter-output>
  <suite started-at="2026-04-15T18:16:11 IST" name="Demo Suite" finished-at="2026-04-15T18:16:24 IST" duration-ms="12995">
    <groups>
    </groups>
    <test started-at="2026-04-15T18:16:11 IST" name="Demo Test" finished-at="2026-04-15T18:16:24 IST" duration-ms="12995">
      <class name="com.test.LoginTest">
        <test-method is-config="true" signature="setUp()[pri:0, instance:com.test.LoginTest@333291e3]" started-at="2026-04-15T18:16:11 IST" name="setUp" finished-at="2026-04-15T18:16:17 IST" duration-ms="5747" status="PASS">
          <reporter-output>
          </reporter-output>
        </test-method> <!-- setUp -->
        <test-method signature="verifyGoogleTitle()[pri:0, instance:com.test.LoginTest@333291e3]" started-at="2026-04-15T18:16:17 IST" name="verifyGoogleTitle" finished-at="2026-04-15T18:16:24 IST" duration-ms="6783" status="PASS">
          <reporter-output>
          </reporter-output>
        </test-method> <!-- verifyGoogleTitle -->
        <test-method is-config="true" signature="tearDown()[pri:0, instance:com.test.LoginTest@333291e3]" started-at="2026-04-15T18:16:24 IST" name="tearDown" finished-at="2026-04-15T18:16:24 IST" duration-ms="367" status="PASS">
          <reporter-output>
          </reporter-output>
        </test-method> <!-- tearDown -->
      </class> <!-- com.test.LoginTest -->
    </test> <!-- Demo Test -->
  </suite> <!-- Demo Suite -->
</testng-results>
